module/m_a/build/intermediates/manifest_merge_blame_file/debug/manifest-merger-blame-debug-report.txt
1<?xml version="1.0" encoding="utf-8"?>
2<manifest xmlns:android="http://schemas.android.com/apk/res/android"
3    xmlns:tools="http://schemas.android.com/tools"
4    package="com.aqinn.demo.complexbuild.ma" >
5
6    <uses-sdk
7        android:minSdkVersion="24"
7-->src/main/AndroidManifest.xml
8        android:targetSdkVersion="33" />
8-->src/main/AndroidManifest.xml
9
10    <application />
10-->src/main/AndroidManifest.xml:5:5-20
11
12</manifest>